<?xml version="1.0" encoding="UTF-8" ?>
<testsuites>
  <testsuite errors="0" failures="0" hostname="gfnh.local" id="0" name="JUnit Jupiter" package="" skipped="0" tests="16" time="0.266" timestamp="2021-12-17T09:40:11">
    <properties>
[...]
</properties>

    <testcase classname="csv2html.HtmlTest" name="compareOriginalWordwithReritedWordforNoBreakSpaceTest()" time="0.003">
      <system-out><![CDATA[
unique-id: [engine:junit-jupiter]/[class:csv2html.HtmlTest]/[method:compareOriginalWordwithReritedWordforNoBreakSpaceTest()]
display-name: compareOriginalWordwithReritedWordforNoBreakSpaceTest()
]]></system-out>

    </testcase>

    <testcase classname="csv2html.HtmlTest" name="compareOriginalWordwithReritedWordforTabTest()" time="0">
      <system-out><![CDATA[
unique-id: [engine:junit-jupiter]/[class:csv2html.HtmlTest]/[method:compareOriginalWordwithReritedWordforTabTest()]
display-name: compareOriginalWordwithReritedWordforTabTest()
]]></system-out>

    </testcase>

    <testcase classname="csv2html.TranslatorTest" name="caluculateOneYearTest()" time="0.003">
      <system-out><![CDATA[
unique-id: [engine:junit-jupiter]/[class:csv2html.TranslatorTest]/[method:caluculateOneYearTest()]
display-name: caluculateOneYearTest()
]]></system-out>

    </testcase>

    <testcase classname="csv2html.TableTest" name="doCreatedTupleAddTest()" time="0.002">
      <system-out><![CDATA[
unique-id: [engine:junit-jupiter]/[class:csv2html.TableTest]/[method:doCreatedTupleAddTest()]
display-name: doCreatedTupleAddTest()
]]></system-out>

    </testcase>

    <testcase classname="csv2html.HtmlTest" name="compareOriginalWordwithReritedWordforBackslashTest()" time="0.001">
      <system-out><![CDATA[
unique-id: [engine:junit-jupiter]/[class:csv2html.HtmlTest]/[method:compareOriginalWordwithReritedWordforBackslashTest()]
display-name: compareOriginalWordwithReritedWordforBackslashTest()
]]></system-out>

    </testcase>

    <testcase classname="csv2html.HtmlTest" name="compareOriginalWordwithReritedWordforBiggerthanTest()" time="0">
      <system-out><![CDATA[
unique-id: [engine:junit-jupiter]/[class:csv2html.HtmlTest]/[method:compareOriginalWordwithReritedWordforBiggerthanTest()]
display-name: compareOriginalWordwithReritedWordforBiggerthanTest()
]]></system-out>

    </testcase>

    <testcase classname="csv2html.HtmlTest" name="compareOriginalWordwithReritedWordforAmpersandTest()" time="0">
      <system-out><![CDATA[
unique-id: [engine:junit-jupiter]/[class:csv2html.HtmlTest]/[method:compareOriginalWordwithReritedWordforAmpersandTest()]
display-name: compareOriginalWordwithReritedWordforAmpersandTest()
]]></system-out>

    </testcase>

    <testcase classname="csv2html.HtmlTest" name="compareOriginalWordwithReritedWordforFormFeedTest()" time="0">
      <system-out><![CDATA[
unique-id: [engine:junit-jupiter]/[class:csv2html.HtmlTest]/[method:compareOriginalWordwithReritedWordforFormFeedTest()]
display-name: compareOriginalWordwithReritedWordforFormFeedTest()
]]></system-out>

    </testcase>

    <testcase classname="csv2html.HtmlTest" name="compareOriginalWordwithReritedWordforLessthanTest()" time="0.001">
      <system-out><![CDATA[
unique-id: [engine:junit-jupiter]/[class:csv2html.HtmlTest]/[method:compareOriginalWordwithReritedWordforLessthanTest()]
display-name: compareOriginalWordwithReritedWordforLessthanTest()
]]></system-out>

    </testcase>

    <testcase classname="csv2html.HtmlTest" name="compareOriginalWordwithReritedWordforLineFeedTest()" time="0">
      <system-out><![CDATA[
unique-id: [engine:junit-jupiter]/[class:csv2html.HtmlTest]/[method:compareOriginalWordwithReritedWordforLineFeedTest()]
display-name: compareOriginalWordwithReritedWordforLineFeedTest()
]]></system-out>

    </testcase>

    <testcase classname="csv2html.HtmlTest" name="compareOriginalWordwithReritedWordforCarriageReturnTest()" time="0">
      <system-out><![CDATA[
unique-id: [engine:junit-jupiter]/[class:csv2html.HtmlTest]/[method:compareOriginalWordwithReritedWordforCarriageReturnTest()]
display-name: compareOriginalWordwithReritedWordforCarriageReturnTest()
]]></system-out>

    </testcase>

    <testcase classname="csv2html.TranslatorTest" name="caluculateLeapYearTest()" time="0.002">
      <system-out><![CDATA[
unique-id: [engine:junit-jupiter]/[class:csv2html.TranslatorTest]/[method:caluculateLeapYearTest()]
display-name: caluculateLeapYearTest()
]]></system-out>

    </testcase>

    <testcase classname="csv2html.SampleTest" name="testSuccess()" time="0.001">
      <system-out><![CDATA[
unique-id: [engine:junit-jupiter]/[class:csv2html.SampleTest]/[method:testSuccess()]
display-name: testSuccess()
]]></system-out>

    </testcase>

    <testcase classname="csv2html.TranslatorTest" name="caluculateGregorianTest()" time="0.134">
      <system-out><![CDATA[
unique-id: [engine:junit-jupiter]/[class:csv2html.TranslatorTest]/[method:caluculateGregorianTest()]
display-name: caluculateGregorianTest()
]]></system-out>

    </testcase>

    <testcase classname="csv2html.TranslatorTest" name="caluculateOneDayTest()" time="0.001">
      <system-out><![CDATA[
unique-id: [engine:junit-jupiter]/[class:csv2html.TranslatorTest]/[method:caluculateOneDayTest()]
display-name: caluculateOneDayTest()
]]></system-out>

    </testcase>

    <testcase classname="csv2html.TranslatorTest" name="caluculateOneWeekTest()" time="0.002">
      <system-out><![CDATA[
unique-id: [engine:junit-jupiter]/[class:csv2html.TranslatorTest]/[method:caluculateOneWeekTest()]
display-name: caluculateOneWeekTest()
]]></system-out>

    </testcase>

    <system-out><![CDATA[
unique-id: [engine:junit-jupiter]
display-name: JUnit Jupiter
]]></system-out>

  </testsuite>
  <testsuite errors="0" failures="0" hostname="gfnh.local" id="1" name="JUnit Vintage" package="" skipped="0" tests="0" time="0.002" timestamp="2021-12-17T09:40:11">
    <properties>
[...]
</properties>

    <system-out><![CDATA[
unique-id: [engine:junit-vintage]
display-name: JUnit Vintage
]]></system-out>

  </testsuite>
</testsuites>
